C:\USERS\SANU\DOWNLOADS\VS 2010\PROJECTS\VOWEL RECOGNITION\DEBUG\VOWEL RECOGNITION.EXE
C:\USERS\SANU\DOWNLOADS\VS 2010\PROJECTS\VOWEL RECOGNITION\DEBUG\VOWEL RECOGNITION.ILK
C:\USERS\SANU\DOWNLOADS\VS 2010\PROJECTS\VOWEL RECOGNITION\DEBUG\VOWEL RECOGNITION.PDB
C:\Users\Sanu\Downloads\VS 2010\Projects\Vowel Recognition\Vowel Recognition\Debug\cl.command.1.tlog
C:\Users\Sanu\Downloads\VS 2010\Projects\Vowel Recognition\Vowel Recognition\Debug\CL.read.1.tlog
C:\Users\Sanu\Downloads\VS 2010\Projects\Vowel Recognition\Vowel Recognition\Debug\CL.write.1.tlog
C:\Users\Sanu\Downloads\VS 2010\Projects\Vowel Recognition\Vowel Recognition\Debug\link.11504.read.1.tlog
C:\Users\Sanu\Downloads\VS 2010\Projects\Vowel Recognition\Vowel Recognition\Debug\link.11504.write.1.tlog
C:\Users\Sanu\Downloads\VS 2010\Projects\Vowel Recognition\Vowel Recognition\Debug\link.11504-cvtres.read.1.tlog
C:\Users\Sanu\Downloads\VS 2010\Projects\Vowel Recognition\Vowel Recognition\Debug\link.11504-cvtres.write.1.tlog
C:\Users\Sanu\Downloads\VS 2010\Projects\Vowel Recognition\Vowel Recognition\Debug\link.11972.read.1.tlog
C:\Users\Sanu\Downloads\VS 2010\Projects\Vowel Recognition\Vowel Recognition\Debug\link.11972.write.1.tlog
C:\Users\Sanu\Downloads\VS 2010\Projects\Vowel Recognition\Vowel Recognition\Debug\link.11972-cvtres.read.1.tlog
C:\Users\Sanu\Downloads\VS 2010\Projects\Vowel Recognition\Vowel Recognition\Debug\link.11972-cvtres.write.1.tlog
C:\Users\Sanu\Downloads\VS 2010\Projects\Vowel Recognition\Vowel Recognition\Debug\link.14300.read.1.tlog
C:\Users\Sanu\Downloads\VS 2010\Projects\Vowel Recognition\Vowel Recognition\Debug\link.14300.write.1.tlog
C:\Users\Sanu\Downloads\VS 2010\Projects\Vowel Recognition\Vowel Recognition\Debug\link.14300-cvtres.read.1.tlog
C:\Users\Sanu\Downloads\VS 2010\Projects\Vowel Recognition\Vowel Recognition\Debug\link.14300-cvtres.write.1.tlog
C:\Users\Sanu\Downloads\VS 2010\Projects\Vowel Recognition\Vowel Recognition\Debug\link.15456.read.1.tlog
C:\Users\Sanu\Downloads\VS 2010\Projects\Vowel Recognition\Vowel Recognition\Debug\link.15456.write.1.tlog
C:\Users\Sanu\Downloads\VS 2010\Projects\Vowel Recognition\Vowel Recognition\Debug\link.15456-cvtres.read.1.tlog
C:\Users\Sanu\Downloads\VS 2010\Projects\Vowel Recognition\Vowel Recognition\Debug\link.15456-cvtres.write.1.tlog
C:\Users\Sanu\Downloads\VS 2010\Projects\Vowel Recognition\Vowel Recognition\Debug\link.15784.read.1.tlog
C:\Users\Sanu\Downloads\VS 2010\Projects\Vowel Recognition\Vowel Recognition\Debug\link.15784.write.1.tlog
C:\Users\Sanu\Downloads\VS 2010\Projects\Vowel Recognition\Vowel Recognition\Debug\link.15784-cvtres.read.1.tlog
C:\Users\Sanu\Downloads\VS 2010\Projects\Vowel Recognition\Vowel Recognition\Debug\link.15784-cvtres.write.1.tlog
C:\Users\Sanu\Downloads\VS 2010\Projects\Vowel Recognition\Vowel Recognition\Debug\link.17472.read.1.tlog
C:\Users\Sanu\Downloads\VS 2010\Projects\Vowel Recognition\Vowel Recognition\Debug\link.17472.write.1.tlog
C:\Users\Sanu\Downloads\VS 2010\Projects\Vowel Recognition\Vowel Recognition\Debug\link.17472-cvtres.read.1.tlog
C:\Users\Sanu\Downloads\VS 2010\Projects\Vowel Recognition\Vowel Recognition\Debug\link.17472-cvtres.write.1.tlog
C:\Users\Sanu\Downloads\VS 2010\Projects\Vowel Recognition\Vowel Recognition\Debug\link.19336.read.1.tlog
C:\Users\Sanu\Downloads\VS 2010\Projects\Vowel Recognition\Vowel Recognition\Debug\link.19336.write.1.tlog
C:\Users\Sanu\Downloads\VS 2010\Projects\Vowel Recognition\Vowel Recognition\Debug\link.19336-cvtres.read.1.tlog
C:\Users\Sanu\Downloads\VS 2010\Projects\Vowel Recognition\Vowel Recognition\Debug\link.19336-cvtres.write.1.tlog
C:\Users\Sanu\Downloads\VS 2010\Projects\Vowel Recognition\Vowel Recognition\Debug\link.22580.read.1.tlog
C:\Users\Sanu\Downloads\VS 2010\Projects\Vowel Recognition\Vowel Recognition\Debug\link.22580.write.1.tlog
C:\Users\Sanu\Downloads\VS 2010\Projects\Vowel Recognition\Vowel Recognition\Debug\link.22580-cvtres.read.1.tlog
C:\Users\Sanu\Downloads\VS 2010\Projects\Vowel Recognition\Vowel Recognition\Debug\link.22580-cvtres.write.1.tlog
C:\Users\Sanu\Downloads\VS 2010\Projects\Vowel Recognition\Vowel Recognition\Debug\link.22980.read.1.tlog
C:\Users\Sanu\Downloads\VS 2010\Projects\Vowel Recognition\Vowel Recognition\Debug\link.22980.write.1.tlog
C:\Users\Sanu\Downloads\VS 2010\Projects\Vowel Recognition\Vowel Recognition\Debug\link.22980-cvtres.read.1.tlog
C:\Users\Sanu\Downloads\VS 2010\Projects\Vowel Recognition\Vowel Recognition\Debug\link.22980-cvtres.write.1.tlog
C:\Users\Sanu\Downloads\VS 2010\Projects\Vowel Recognition\Vowel Recognition\Debug\link.25604.read.1.tlog
C:\Users\Sanu\Downloads\VS 2010\Projects\Vowel Recognition\Vowel Recognition\Debug\link.25604.write.1.tlog
C:\Users\Sanu\Downloads\VS 2010\Projects\Vowel Recognition\Vowel Recognition\Debug\link.25604-cvtres.read.1.tlog
C:\Users\Sanu\Downloads\VS 2010\Projects\Vowel Recognition\Vowel Recognition\Debug\link.25604-cvtres.write.1.tlog
C:\Users\Sanu\Downloads\VS 2010\Projects\Vowel Recognition\Vowel Recognition\Debug\link.25804.read.1.tlog
C:\Users\Sanu\Downloads\VS 2010\Projects\Vowel Recognition\Vowel Recognition\Debug\link.25804.write.1.tlog
C:\Users\Sanu\Downloads\VS 2010\Projects\Vowel Recognition\Vowel Recognition\Debug\link.25804-cvtres.read.1.tlog
C:\Users\Sanu\Downloads\VS 2010\Projects\Vowel Recognition\Vowel Recognition\Debug\link.25804-cvtres.write.1.tlog
C:\Users\Sanu\Downloads\VS 2010\Projects\Vowel Recognition\Vowel Recognition\Debug\link.26144.read.1.tlog
C:\Users\Sanu\Downloads\VS 2010\Projects\Vowel Recognition\Vowel Recognition\Debug\link.26144.write.1.tlog
C:\Users\Sanu\Downloads\VS 2010\Projects\Vowel Recognition\Vowel Recognition\Debug\link.26144-cvtres.read.1.tlog
C:\Users\Sanu\Downloads\VS 2010\Projects\Vowel Recognition\Vowel Recognition\Debug\link.26144-cvtres.write.1.tlog
C:\Users\Sanu\Downloads\VS 2010\Projects\Vowel Recognition\Vowel Recognition\Debug\link.26156.read.1.tlog
C:\Users\Sanu\Downloads\VS 2010\Projects\Vowel Recognition\Vowel Recognition\Debug\link.26156.write.1.tlog
C:\Users\Sanu\Downloads\VS 2010\Projects\Vowel Recognition\Vowel Recognition\Debug\link.26156-cvtres.read.1.tlog
C:\Users\Sanu\Downloads\VS 2010\Projects\Vowel Recognition\Vowel Recognition\Debug\link.26156-cvtres.write.1.tlog
C:\Users\Sanu\Downloads\VS 2010\Projects\Vowel Recognition\Vowel Recognition\Debug\link.26960.read.1.tlog
C:\Users\Sanu\Downloads\VS 2010\Projects\Vowel Recognition\Vowel Recognition\Debug\link.26960.write.1.tlog
C:\Users\Sanu\Downloads\VS 2010\Projects\Vowel Recognition\Vowel Recognition\Debug\link.26960-cvtres.read.1.tlog
C:\Users\Sanu\Downloads\VS 2010\Projects\Vowel Recognition\Vowel Recognition\Debug\link.26960-cvtres.write.1.tlog
C:\Users\Sanu\Downloads\VS 2010\Projects\Vowel Recognition\Vowel Recognition\Debug\link.2908.read.1.tlog
C:\Users\Sanu\Downloads\VS 2010\Projects\Vowel Recognition\Vowel Recognition\Debug\link.2908.write.1.tlog
C:\Users\Sanu\Downloads\VS 2010\Projects\Vowel Recognition\Vowel Recognition\Debug\link.2908-cvtres.read.1.tlog
C:\Users\Sanu\Downloads\VS 2010\Projects\Vowel Recognition\Vowel Recognition\Debug\link.2908-cvtres.write.1.tlog
C:\Users\Sanu\Downloads\VS 2010\Projects\Vowel Recognition\Vowel Recognition\Debug\link.command.1.tlog
C:\Users\Sanu\Downloads\VS 2010\Projects\Vowel Recognition\Vowel Recognition\Debug\link.read.1.tlog
C:\Users\Sanu\Downloads\VS 2010\Projects\Vowel Recognition\Vowel Recognition\Debug\link.write.1.tlog
C:\Users\Sanu\Downloads\VS 2010\Projects\Vowel Recognition\Vowel Recognition\Debug\link-cvtres.read.1.tlog
C:\Users\Sanu\Downloads\VS 2010\Projects\Vowel Recognition\Vowel Recognition\Debug\link-cvtres.write.1.tlog
C:\Users\Sanu\Downloads\VS 2010\Projects\Vowel Recognition\Vowel Recognition\Debug\mt.command.1.tlog
C:\Users\Sanu\Downloads\VS 2010\Projects\Vowel Recognition\Vowel Recognition\Debug\mt.read.1.tlog
C:\Users\Sanu\Downloads\VS 2010\Projects\Vowel Recognition\Vowel Recognition\Debug\mt.write.1.tlog
C:\Users\Sanu\Downloads\VS 2010\Projects\Vowel Recognition\Vowel Recognition\Debug\rc.command.1.tlog
C:\Users\Sanu\Downloads\VS 2010\Projects\Vowel Recognition\Vowel Recognition\Debug\rc.read.1.tlog
C:\Users\Sanu\Downloads\VS 2010\Projects\Vowel Recognition\Vowel Recognition\Debug\rc.write.1.tlog
C:\USERS\SANU\DOWNLOADS\VS 2010\PROJECTS\VOWEL RECOGNITION\VOWEL RECOGNITION\DEBUG\STDAFX.OBJ
C:\Users\Sanu\Downloads\VS 2010\Projects\Vowel Recognition\Vowel Recognition\Debug\vc100.idb
C:\USERS\SANU\DOWNLOADS\VS 2010\PROJECTS\VOWEL RECOGNITION\VOWEL RECOGNITION\DEBUG\VC100.PDB
C:\USERS\SANU\DOWNLOADS\VS 2010\PROJECTS\VOWEL RECOGNITION\VOWEL RECOGNITION\DEBUG\VOWEL RECOGNITION.EXE.EMBED.MANIFEST
C:\USERS\SANU\DOWNLOADS\VS 2010\PROJECTS\VOWEL RECOGNITION\VOWEL RECOGNITION\DEBUG\VOWEL RECOGNITION.EXE.EMBED.MANIFEST.RES
C:\USERS\SANU\DOWNLOADS\VS 2010\PROJECTS\VOWEL RECOGNITION\VOWEL RECOGNITION\DEBUG\VOWEL RECOGNITION.EXE.INTERMEDIATE.MANIFEST
C:\USERS\SANU\DOWNLOADS\VS 2010\PROJECTS\VOWEL RECOGNITION\VOWEL RECOGNITION\DEBUG\VOWEL RECOGNITION.OBJ
C:\USERS\SANU\DOWNLOADS\VS 2010\PROJECTS\VOWEL RECOGNITION\VOWEL RECOGNITION\DEBUG\VOWEL RECOGNITION.PCH
C:\Users\Sanu\Downloads\VS 2010\Projects\Vowel Recognition\Vowel Recognition\Debug\Vowel Recognition.vcxprojResolveAssemblyReference.cache
C:\Users\Sanu\Downloads\VS 2010\Projects\Vowel Recognition\Vowel Recognition\Debug\Vowel Recognition.write.1.tlog
C:\Users\Sanu\Downloads\VS 2010\Projects\Vowel Recognition\Vowel Recognition\Debug\Vowel Recognition_manifest.rc
