Build started 03-11-2020 23:55:38.
     1>Project "C:\Users\Sanu\Downloads\VS 2010\Projects\Vowel Recognition\Vowel Recognition\Vowel Recognition.vcxproj" on node 2 (build target(s)).
     1>InitializeBuildStatus:
         Touching "Debug\Vowel Recognition.unsuccessfulbuild".
       ClCompile:
         All outputs are up-to-date.
         C:\Program Files (x86)\Microsoft Visual Studio 10.0\VC\bin\CL.exe /c /ZI /nologo /W3 /WX- /Od /Oy- /D WIN32 /D _DEBUG /D _CONSOLE /D _UNICODE /D UNICODE /Gm /EHsc /RTC1 /MDd /GS /fp:precise /Zc:wchar_t /Zc:forScope /Yu"StdAfx.h" /Fp"Debug\Vowel Recognition.pch" /Fo"Debug\\" /Fd"Debug\vc100.pdb" /Gd /TP /analyze- /errorReport:prompt stdafx.cpp
         Skipping... (no relevant changes detected)
         stdafx.cpp
       ManifestResourceCompile:
         All outputs are up-to-date.
       Link:
         C:\Program Files (x86)\Microsoft Visual Studio 10.0\VC\bin\link.exe /ERRORREPORT:PROMPT /OUT:"C:\Users\Sanu\Downloads\VS 2010\Projects\Vowel Recognition\Debug\Vowel Recognition.exe" /INCREMENTAL /NOLOGO kernel32.lib user32.lib gdi32.lib winspool.lib comdlg32.lib advapi32.lib shell32.lib ole32.lib oleaut32.lib uuid.lib odbc32.lib odbccp32.lib /MANIFEST /ManifestFile:"Debug\Vowel Recognition.exe.intermediate.manifest" /MANIFESTUAC:"level='asInvoker' uiAccess='false'" /DEBUG /PDB:"C:\Users\Sanu\Downloads\VS 2010\Projects\Vowel Recognition\Debug\Vowel Recognition.pdb" /SUBSYSTEM:CONSOLE /TLBID:1 /DYNAMICBASE /NXCOMPAT /IMPLIB:"C:\Users\Sanu\Downloads\VS 2010\Projects\Vowel Recognition\Debug\Vowel Recognition.lib" /MACHINE:X86 "Debug\Vowel Recognition.exe.embed.manifest.res"
         Debug\stdafx.obj
         "Debug\Vowel Recognition.obj"
       Manifest:
         C:\Program Files (x86)\Microsoft SDKs\Windows\v7.0A\bin\mt.exe /nologo /verbose /out:"Debug\Vowel Recognition.exe.embed.manifest" /manifest "Debug\Vowel Recognition.exe.intermediate.manifest"
         All outputs are up-to-date.
       LinkEmbedManifest:
         All outputs are up-to-date.
         Vowel Recognition.vcxproj -> C:\Users\Sanu\Downloads\VS 2010\Projects\Vowel Recognition\Debug\Vowel Recognition.exe
       FinalizeBuildStatus:
         Deleting file "Debug\Vowel Recognition.unsuccessfulbuild".
         Touching "Debug\Vowel Recognition.lastbuildstate".
     1>Done Building Project "C:\Users\Sanu\Downloads\VS 2010\Projects\Vowel Recognition\Vowel Recognition\Vowel Recognition.vcxproj" (build target(s)).

Build succeeded.

Time Elapsed 00:00:00.27
